Log file open, 11/08/17 09:12:37
LogInit:Display: Running engine for game: Toa_mini
LogPlatformFile: Not using cached read wrapper
LogInit:Display: RandInit(-1222016904) SRandInit(-1222016904).
LogTaskGraph: Started task graph with 5 named threads and 8 total threads with 1 sets of task threads.
LogStats: Stats thread started at 0.073809
LogPluginManager: Loaded Plugin Paper2D, From C:/apps/Epic Games/4.14/Engine/Plugins/2D/Paper2D/Paper2D.uplugin
LogPluginManager: Loaded Plugin LightPropagationVolume, From C:/apps/Epic Games/4.14/Engine/Plugins/Blendables/LightPropagationVolume/LightPropagationVolume.uplugin
LogPluginManager: Loaded Plugin BlankPlugin, From C:/apps/Epic Games/4.14/Engine/Plugins/Developer/BlankPlugin/BlankPlugin.uplugin
LogPluginManager: Loaded Plugin CodeLiteSourceCodeAccess, From C:/apps/Epic Games/4.14/Engine/Plugins/Developer/CodeLiteSourceCodeAccess/CodeLiteSourceCodeAccess.uplugin
LogPluginManager: Loaded Plugin GitSourceControl, From C:/apps/Epic Games/4.14/Engine/Plugins/Developer/GitSourceControl/GitSourceControl.uplugin
LogPluginManager: Loaded Plugin KDevelopSourceCodeAccess, From C:/apps/Epic Games/4.14/Engine/Plugins/Developer/KDevelopSourceCodeAccess/KDevelopSourceCodeAccess.uplugin
LogPluginManager: Loaded Plugin NullSourceCodeAccess, From C:/apps/Epic Games/4.14/Engine/Plugins/Developer/NullSourceCodeAccess/NullSourceCodeAccess.uplugin
LogPluginManager: Loaded Plugin OneSkyLocalizationService, From C:/apps/Epic Games/4.14/Engine/Plugins/Developer/OneSkyLocalizationService/OneSkyLocalizationService.uplugin
LogPluginManager: Loaded Plugin PerforceSourceControl, From C:/apps/Epic Games/4.14/Engine/Plugins/Developer/PerforceSourceControl/PerforceSourceControl.uplugin
LogPluginManager: Loaded Plugin SubversionSourceControl, From C:/apps/Epic Games/4.14/Engine/Plugins/Developer/SubversionSourceControl/SubversionSourceControl.uplugin
LogPluginManager: Loaded Plugin UObjectPlugin, From C:/apps/Epic Games/4.14/Engine/Plugins/Developer/UObjectPlugin/UObjectPlugin.uplugin
LogPluginManager: Loaded Plugin VisualStudioSourceCodeAccess, From C:/apps/Epic Games/4.14/Engine/Plugins/Developer/VisualStudioSourceCodeAccess/VisualStudioSourceCodeAccess.uplugin
LogPluginManager: Loaded Plugin XCodeSourceCodeAccess, From C:/apps/Epic Games/4.14/Engine/Plugins/Developer/XCodeSourceCodeAccess/XCodeSourceCodeAccess.uplugin
LogPluginManager: Loaded Plugin AudioCapture, From C:/apps/Epic Games/4.14/Engine/Plugins/Editor/AudioCapture/AudioCapture.uplugin
LogPluginManager: Loaded Plugin EpicSurvey, From C:/apps/Epic Games/4.14/Engine/Plugins/Editor/EpicSurvey/EpicSurvey.uplugin
LogPluginManager: Loaded Plugin MacGraphicsSwitching, From C:/apps/Epic Games/4.14/Engine/Plugins/Editor/MacGraphicsSwitching/MacGraphicsSwitching.uplugin
LogPluginManager: Loaded Plugin MobileLauncherProfileWizard, From C:/apps/Epic Games/4.14/Engine/Plugins/Editor/MobileLauncherProfileWizard/MobileLauncherProfileWizard.uplugin
LogPluginManager: Loaded Plugin PluginBrowser, From C:/apps/Epic Games/4.14/Engine/Plugins/Editor/PluginBrowser/PluginBrowser.uplugin
LogPluginManager: Loaded Plugin SpeedTreeImporter, From C:/apps/Epic Games/4.14/Engine/Plugins/Editor/SpeedTreeImporter/SpeedTreeImporter.uplugin
LogPluginManager: Loaded Plugin SuperSearchEditor, From C:/apps/Epic Games/4.14/Engine/Plugins/Editor/SuperSearchEditor/SuperSearchEditor.uplugin
LogPluginManager: Loaded Plugin AlembicImporter, From C:/apps/Epic Games/4.14/Engine/Plugins/Experimental/AlembicImporter/AlembicImporter.uplugin
LogPluginManager: Loaded Plugin BlueprintStats, From C:/apps/Epic Games/4.14/Engine/Plugins/Experimental/BlueprintStats/BlueprintStats.uplugin
LogPluginManager: Loaded Plugin CharacterAI, From C:/apps/Epic Games/4.14/Engine/Plugins/Experimental/CharacterAI/CharacterAI.uplugin
LogPluginManager: Loaded Plugin CodeEditor, From C:/apps/Epic Games/4.14/Engine/Plugins/Experimental/CodeEditor/CodeEditor.uplugin
LogPluginManager: Loaded Plugin CodeView, From C:/apps/Epic Games/4.14/Engine/Plugins/Experimental/CodeView/CodeView.uplugin
LogPluginManager: Loaded Plugin HTML5Networking, From C:/apps/Epic Games/4.14/Engine/Plugins/Experimental/HTML5Networking/HTML5Networking.uplugin
LogPluginManager: Loaded Plugin OSVR, From C:/apps/Epic Games/4.14/Engine/Plugins/Experimental/OSVR/OSVR.uplugin
LogPluginManager: Loaded Plugin Phya, From C:/apps/Epic Games/4.14/Engine/Plugins/Experimental/Phya/Phya.uplugin
LogPluginManager: Loaded Plugin SignificanceManager, From C:/apps/Epic Games/4.14/Engine/Plugins/Experimental/SignificanceManager/SignificanceManager.uplugin
LogPluginManager: Loaded Plugin SimpleHMD, From C:/apps/Epic Games/4.14/Engine/Plugins/Experimental/SimpleHMD/SimpleHMD.uplugin
LogPluginManager: Loaded Plugin StereoPanorama, From C:/apps/Epic Games/4.14/Engine/Plugins/Experimental/StereoPanorama/StereoPanorama.uplugin
LogPluginManager: Loaded Plugin StructBox, From C:/apps/Epic Games/4.14/Engine/Plugins/Experimental/StructBox/StructBox.uplugin
LogPluginManager: Loaded Plugin AndroidMedia, From C:/apps/Epic Games/4.14/Engine/Plugins/Media/AndroidMedia/AndroidMedia.uplugin
LogPluginManager: Loaded Plugin AvfMedia, From C:/apps/Epic Games/4.14/Engine/Plugins/Media/AvfMedia/AvfMedia.uplugin
LogPluginManager: Loaded Plugin MediaPlayerEditor, From C:/apps/Epic Games/4.14/Engine/Plugins/Media/MediaPlayerEditor/MediaPlayerEditor.uplugin
LogPluginManager: Loaded Plugin WmfMedia, From C:/apps/Epic Games/4.14/Engine/Plugins/Media/WmfMedia/WmfMedia.uplugin
LogPluginManager: Loaded Plugin MessagingDebugger, From C:/apps/Epic Games/4.14/Engine/Plugins/Messaging/MessagingDebugger/MessagingDebugger.uplugin
LogPluginManager: Loaded Plugin TcpMessaging, From C:/apps/Epic Games/4.14/Engine/Plugins/Messaging/TcpMessaging/TcpMessaging.uplugin
LogPluginManager: Loaded Plugin UdpMessaging, From C:/apps/Epic Games/4.14/Engine/Plugins/Messaging/UdpMessaging/UdpMessaging.uplugin
LogPluginManager: Loaded Plugin LevelSequenceEditor, From C:/apps/Epic Games/4.14/Engine/Plugins/MovieScene/LevelSequenceEditor/LevelSequenceEditor.uplugin
LogPluginManager: Loaded Plugin MatineeToLevelSequence, From C:/apps/Epic Games/4.14/Engine/Plugins/MovieScene/MatineeToLevelSequence/MatineeToLevelSequence.uplugin
LogPluginManager: Loaded Plugin NetcodeUnitTest, From C:/apps/Epic Games/4.14/Engine/Plugins/NetcodeUnitTest/NetcodeUnitTest/NetcodeUnitTest.uplugin
LogPluginManager: Loaded Plugin NUTUnrealEngine4, From C:/apps/Epic Games/4.14/Engine/Plugins/NetcodeUnitTest/NUTUnrealEngine4/NUTUnrealEngine4.uplugin
LogPluginManager: Loaded Plugin OnlineSubsystemGameCircle, From C:/apps/Epic Games/4.14/Engine/Plugins/Online/Android/OnlineSubsystemGameCircle/OnlineSubsystemGameCircle.uplugin
LogPluginManager: Loaded Plugin OnlineSubsystemGooglePlay, From C:/apps/Epic Games/4.14/Engine/Plugins/Online/Android/OnlineSubsystemGooglePlay/OnlineSubsystemGooglePlay.uplugin
LogPluginManager: Loaded Plugin OnlineSubsystemIOS, From C:/apps/Epic Games/4.14/Engine/Plugins/Online/IOS/OnlineSubsystemIOS/OnlineSubsystemIOS.uplugin
LogPluginManager: Loaded Plugin OnlineFramework, From C:/apps/Epic Games/4.14/Engine/Plugins/Online/OnlineFramework/OnlineFramework.uplugin
LogPluginManager: Loaded Plugin OnlineSubsystem, From C:/apps/Epic Games/4.14/Engine/Plugins/Online/OnlineSubsystem/OnlineSubsystem.uplugin
LogPluginManager: Loaded Plugin OnlineSubsystemAmazon, From C:/apps/Epic Games/4.14/Engine/Plugins/Online/OnlineSubsystemAmazon/OnlineSubsystemAmazon.uplugin
LogPluginManager: Loaded Plugin OnlineSubsystemFacebook, From C:/apps/Epic Games/4.14/Engine/Plugins/Online/OnlineSubsystemFacebook/OnlineSubsystemFacebook.uplugin
LogPluginManager: Loaded Plugin OnlineSubsystemNull, From C:/apps/Epic Games/4.14/Engine/Plugins/Online/OnlineSubsystemNull/OnlineSubsystemNull.uplugin
LogPluginManager: Loaded Plugin OnlineSubsystemOculus, From C:/apps/Epic Games/4.14/Engine/Plugins/Online/OnlineSubsystemOculus/OnlineSubsystemOculus.uplugin
LogPluginManager: Loaded Plugin OnlineSubsystemSteam, From C:/apps/Epic Games/4.14/Engine/Plugins/Online/OnlineSubsystemSteam/OnlineSubsystemSteam.uplugin
LogPluginManager: Loaded Plugin OnlineSubsystemUtils, From C:/apps/Epic Games/4.14/Engine/Plugins/Online/OnlineSubsystemUtils/OnlineSubsystemUtils.uplugin
LogPluginManager: Loaded Plugin IOSTapJoy, From C:/apps/Epic Games/4.14/Engine/Plugins/Runtime/Advertising/IOSTapJoy/IOSTapJoy.uplugin
LogPluginManager: Loaded Plugin AnalyticsBlueprintLibrary, From C:/apps/Epic Games/4.14/Engine/Plugins/Runtime/Analytics/AnalyticsBlueprintLibrary/AnalyticsBlueprintLibrary.uplugin
LogPluginManager: Loaded Plugin AnalyticsMulticast, From C:/apps/Epic Games/4.14/Engine/Plugins/Runtime/Analytics/AnalyticsMulticast/AnalyticsMulticast.uplugin
LogPluginManager: Loaded Plugin Apsalar, From C:/apps/Epic Games/4.14/Engine/Plugins/Runtime/Analytics/Apsalar/Apsalar.uplugin
LogPluginManager: Loaded Plugin FileLogging, From C:/apps/Epic Games/4.14/Engine/Plugins/Runtime/Analytics/FileLogging/FileLogging.uplugin
LogPluginManager: Loaded Plugin Flurry, From C:/apps/Epic Games/4.14/Engine/Plugins/Runtime/Analytics/Flurry/Flurry.uplugin
LogPluginManager: Loaded Plugin AndroidDeviceProfileSelector, From C:/apps/Epic Games/4.14/Engine/Plugins/Runtime/AndroidDeviceProfileSelector/AndroidDeviceProfileSelector.uplugin
LogPluginManager: Loaded Plugin AndroidMoviePlayer, From C:/apps/Epic Games/4.14/Engine/Plugins/Runtime/AndroidMoviePlayer/AndroidMoviePlayer.uplugin
LogPluginManager: Loaded Plugin AppleMoviePlayer, From C:/apps/Epic Games/4.14/Engine/Plugins/Runtime/AppleMoviePlayer/AppleMoviePlayer.uplugin
LogPluginManager: Loaded Plugin ArchVisCharacter, From C:/apps/Epic Games/4.14/Engine/Plugins/Runtime/ArchVisCharacter/ArchVisCharacter.uplugin
LogPluginManager: Loaded Plugin CableComponent, From C:/apps/Epic Games/4.14/Engine/Plugins/Runtime/CableComponent/CableComponent.uplugin
LogPluginManager: Loaded Plugin CustomMeshComponent, From C:/apps/Epic Games/4.14/Engine/Plugins/Runtime/CustomMeshComponent/CustomMeshComponent.uplugin
LogPluginManager: Loaded Plugin ExampleDeviceProfileSelector, From C:/apps/Epic Games/4.14/Engine/Plugins/Runtime/ExampleDeviceProfileSelector/ExampleDeviceProfileSelector.uplugin
LogPluginManager: Loaded Plugin GearVR, From C:/apps/Epic Games/4.14/Engine/Plugins/Runtime/GearVR/GearVR.uplugin
LogPluginManager: Loaded Plugin GoogleVRController, From C:/apps/Epic Games/4.14/Engine/Plugins/Runtime/GoogleVR/GoogleVRController/GoogleVRController.uplugin
LogPluginManager: Loaded Plugin GoogleVRHMD, From C:/apps/Epic Games/4.14/Engine/Plugins/Runtime/GoogleVR/GoogleVRHMD/GoogleVRHMD.uplugin
LogPluginManager: Loaded Plugin IOSDeviceProfileSelector, From C:/apps/Epic Games/4.14/Engine/Plugins/Runtime/IOSDeviceProfileSelector/IOSDeviceProfileSelector.uplugin
LogPluginManager: Loaded Plugin LeapMotion, From C:/apps/Epic Games/4.14/Engine/Plugins/Runtime/LeapMotion/LeapMotion.uplugin
LogPluginManager: Loaded Plugin LinuxDeviceProfileSelector, From C:/apps/Epic Games/4.14/Engine/Plugins/Runtime/LinuxDeviceProfileSelector/LinuxDeviceProfileSelector.uplugin
LogPluginManager: Loaded Plugin MIDIDevice, From C:/apps/Epic Games/4.14/Engine/Plugins/Runtime/MIDIDevice/MIDIDevice.uplugin
LogPluginManager: Loaded Plugin MobilePatchingUtils, From C:/apps/Epic Games/4.14/Engine/Plugins/Runtime/MobilePatchingUtils/MobilePatchingUtils.uplugin
LogPluginManager: Loaded Plugin Ansel, From C:/apps/Epic Games/4.14/Engine/Plugins/Runtime/Nvidia/Ansel/Ansel.uplugin
LogPluginManager: Loaded Plugin OculusAudio, From C:/apps/Epic Games/4.14/Engine/Plugins/Runtime/OculusAudio/OculusAudio.uplugin
LogPluginManager: Loaded Plugin OculusInput, From C:/apps/Epic Games/4.14/Engine/Plugins/Runtime/OculusInput/OculusInput.uplugin
LogPluginManager: Loaded Plugin OculusLibrary, From C:/apps/Epic Games/4.14/Engine/Plugins/Runtime/OculusLibrary/OculusLibrary.uplugin
LogPluginManager: Loaded Plugin OculusRift, From C:/apps/Epic Games/4.14/Engine/Plugins/Runtime/OculusRift/OculusRift.uplugin
LogPluginManager: Loaded Plugin Oodle, From C:/apps/Epic Games/4.14/Engine/Plugins/Runtime/PacketHandlers/CompressionComponents/Oodle/Oodle.uplugin
LogPluginManager: Loaded Plugin ProceduralMeshComponent, From C:/apps/Epic Games/4.14/Engine/Plugins/Runtime/ProceduralMeshComponent/ProceduralMeshComponent.uplugin
LogPluginManager: Loaded Plugin SoundMod, From C:/apps/Epic Games/4.14/Engine/Plugins/Runtime/SoundMod/SoundMod.uplugin
LogPluginManager: Loaded Plugin SoundVisualizations, From C:/apps/Epic Games/4.14/Engine/Plugins/Runtime/SoundVisualizations/SoundVisualizations.uplugin
LogPluginManager: Loaded Plugin SteamController, From C:/apps/Epic Games/4.14/Engine/Plugins/Runtime/Steam/SteamController/SteamController.uplugin
LogPluginManager: Loaded Plugin SteamVR, From C:/apps/Epic Games/4.14/Engine/Plugins/Runtime/Steam/SteamVR/SteamVR.uplugin
LogPluginManager: Loaded Plugin WebBrowserWidget, From C:/apps/Epic Games/4.14/Engine/Plugins/Runtime/WebBrowserWidget/WebBrowserWidget.uplugin
LogPluginManager: Loaded Plugin WindowsDeviceProfileSelector, From C:/apps/Epic Games/4.14/Engine/Plugins/Runtime/WindowsDeviceProfileSelector/WindowsDeviceProfileSelector.uplugin
LogPluginManager: Loaded Plugin WindowsMoviePlayer, From C:/apps/Epic Games/4.14/Engine/Plugins/Runtime/WindowsMoviePlayer/WindowsMoviePlayer.uplugin
LogPluginManager: Loaded Plugin ScriptPlugin, From C:/apps/Epic Games/4.14/Engine/Plugins/ScriptPlugin/ScriptPlugin.uplugin
LogPluginManager: Loaded Plugin SlateRemote, From C:/apps/Epic Games/4.14/Engine/Plugins/Slate/SlateRemote/SlateRemote.uplugin
LogPluginManager: Loaded Plugin EditorTests, From C:/apps/Epic Games/4.14/Engine/Plugins/Tests/EditorTests/EditorTests.uplugin
LogPluginManager: Loaded Plugin FbxAutomationTestBuilder, From C:/apps/Epic Games/4.14/Engine/Plugins/Tests/FbxAutomationTestBuilder/FbxAutomationTestBuilder.uplugin
LogPluginManager: Loaded Plugin FunctionalTestingEditor, From C:/apps/Epic Games/4.14/Engine/Plugins/Tests/FunctionalTestingEditor/FunctionalTestingEditor.uplugin
LogPluginManager: Loaded Plugin RuntimeTests, From C:/apps/Epic Games/4.14/Engine/Plugins/Tests/RuntimeTests/RuntimeTests.uplugin
LogPluginManager: Loaded Plugin ScreenshotTools, From C:/apps/Epic Games/4.14/Engine/Plugins/Tests/ScreenshotTools/ScreenshotTools.uplugin
LogInit: Using libcurl 7.47.1
LogInit:  - built for x86_64-pc-win32
LogInit:  - supports SSL with OpenSSL/1.0.2g
LogInit:  - supports HTTP deflate (compression) using libz 1.2.8
LogInit:  - other features:
LogInit:      CURL_VERSION_SSL
LogInit:      CURL_VERSION_LIBZ
LogInit:      CURL_VERSION_IPV6
LogInit:      CURL_VERSION_ASYNCHDNS
LogInit:      CURL_VERSION_LARGEFILE
LogInit:      CURL_VERSION_IDN
LogInit:  CurlRequestOptions (configurable via config and command line):
LogInit:  - bVerifyPeer = false  - Libcurl will NOT verify peer certificate
LogInit:  - bUseHttpProxy = false  - Libcurl will NOT use HTTP proxy
LogInit:  - bDontReuseConnections = false  - Libcurl will reuse connections
LogInit:  - CertBundlePath = nullptr  - Libcurl will use whatever was configured at build time.
LogInit: Build: ++UE4+Release-4.14-CL-3249277
LogInit: Engine Version: 4.14.3-3249277+++UE4+Release-4.14
LogInit: Compatible Engine Version: 4.14.0-3195953+++UE4+Release-4.14
LogInit: Net CL: 3195953
LogDevObjectVersion: Number of dev versions registered: 13
LogDevObjectVersion:   Dev-Blueprints (B0D832E4-1F89-4F0D-ACCF-7EB736FD4AA2): 7
LogDevObjectVersion:   Dev-Build (E1C64328-A22C-4D53-A36C-8E866417BD8C): 0
LogDevObjectVersion:   Dev-Core (375EC13C-06E4-48FB-B500-84F0262A717E): 1
LogDevObjectVersion:   Dev-Editor (E4B068ED-F494-42E9-A231-DA0B2E46BB41): 8
LogDevObjectVersion:   Dev-Framework (CFFC743F-43B0-4480-9391-14DF171D2073): 17
LogDevObjectVersion:   Dev-Mobile (B02B49B5-BB20-44E9-A304-32B752E40360): 0
LogDevObjectVersion:   Dev-Networking (A4E4105C-59A1-49B5-A7C5-40C4547EDFEE): 0
LogDevObjectVersion:   Dev-Online (39C831C9-5AE6-47DC-9A44-9C173E1C8E7C): 0
LogDevObjectVersion:   Dev-Physics (78F01B33-EBEA-4F98-B9B4-84EACCB95AA2): 0
LogDevObjectVersion:   Dev-Platform (6631380F-2D4D-43E0-8009-CF276956A95A): 0
LogDevObjectVersion:   Dev-Rendering (12F88B9F-8875-4AFC-A67C-D90C383ABD29): 12
LogDevObjectVersion:   Dev-Sequencer (7B5AE74C-D270-4C10-A958-57980B212A5A): 1
LogDevObjectVersion:   Dev-VR (D7296918-1DD6-4BDD-9DE2-64A83CC13884): 0
LogInit: Compiled (64-bit): Jan  6 2017 10:49:43
LogInit: Compiled with Visual C++: 19.00.23026.00
LogInit: Build Configuration: Development
LogInit: Branch Name: ++UE4+Release-4.14
LogInit: Command line: -EpicPortal 
LogInit: Base directory: C:/apps/Epic Games/4.14/Engine/Binaries/Win64/
LogInit: Installed Engine Build: 1
LogInit: Presizing for max 8388607 objects, including 0 objects not considered by GC, pre-allocating 0 bytes for permanent pool.
LogInit: Object subsystem initialized
[2017.11.07-20.12.38:235][  0]LogInit: Selected Device Profile: [Windows]
[2017.11.07-20.12.38:235][  0]LogInit: Applying CVar settings loaded from the selected device profile: [Windows]
[2017.11.07-20.12.38:244][  0]LogInit: Computer: 1806C023
[2017.11.07-20.12.38:244][  0]LogInit: User: jaydenfac6880
[2017.11.07-20.12.38:244][  0]LogInit: CPU Page size=65536, Cores=4
[2017.11.07-20.12.38:244][  0]LogInit: High frequency timer resolution =3.312666 MHz
[2017.11.07-20.12.38:244][  0]LogMemory: Memory total: Physical=15.9GB (16GB approx)
[2017.11.07-20.12.38:244][  0]LogMemory: Platform Memory Stats for Windows
[2017.11.07-20.12.38:244][  0]LogMemory: Process Physical Memory: 267.18 MB used, 267.18 MB peak
[2017.11.07-20.12.38:244][  0]LogMemory: Process Virtual Memory: 265.64 MB used, 265.64 MB peak
[2017.11.07-20.12.38:244][  0]LogMemory: Physical Memory: 9227.95 MB used,  7043.19 MB free, 16271.14 MB total
[2017.11.07-20.12.38:244][  0]LogMemory: Virtual Memory: 684.64 MB used,  7043.19 MB free, 8388608.00 MB total
[2017.11.07-20.12.38:284][  0]LogTextLocalizationManager: No specific translations for ('en-NZ') exist, so ('en') translations will be used.
[2017.11.07-20.12.39:073][  0]LogD3D11RHI: D3D11 adapters:
[2017.11.07-20.12.39:086][  0]LogD3D11RHI:    0. 'NVIDIA GeForce GTX 760' (Feature Level 11_0)
[2017.11.07-20.12.39:086][  0]LogD3D11RHI:       1989/0/2048 MB DedicatedVideo/DedicatedSystem/SharedSystem, Outputs:2, VendorId:0x10de
[2017.11.07-20.12.39:093][  0]LogD3D11RHI:    1. 'Intel(R) HD Graphics 4600' (Feature Level 11_0)
[2017.11.07-20.12.39:093][  0]LogD3D11RHI:       64/0/1632 MB DedicatedVideo/DedicatedSystem/SharedSystem, Outputs:0, VendorId:0x8086
[2017.11.07-20.12.39:093][  0]LogD3D11RHI: Chosen D3D11 Adapter: 0
[2017.11.07-20.12.39:099][  0]LogD3D11RHI: Creating new Direct3DDevice
[2017.11.07-20.12.39:099][  0]LogD3D11RHI:     GPU DeviceId: 0x1187 (for the marketing name, search the web for "GPU Device Id")
[2017.11.07-20.12.39:099][  0]LogWindows: EnumDisplayDevices:
[2017.11.07-20.12.39:099][  0]LogWindows:    0. 'NVIDIA GeForce GTX 760' (P:1 D:1)
[2017.11.07-20.12.39:099][  0]LogWindows:    1. 'NVIDIA GeForce GTX 760' (P:0 D:1)
[2017.11.07-20.12.39:099][  0]LogWindows:    2. 'NVIDIA GeForce GTX 760' (P:0 D:0)
[2017.11.07-20.12.39:099][  0]LogWindows:    3. 'NVIDIA GeForce GTX 760' (P:0 D:0)
[2017.11.07-20.12.39:099][  0]LogWindows:    4. 'Intel(R) HD Graphics 4600' (P:0 D:0)
[2017.11.07-20.12.39:099][  0]LogWindows:    5. 'Intel(R) HD Graphics 4600' (P:0 D:0)
[2017.11.07-20.12.39:099][  0]LogWindows:    6. 'Intel(R) HD Graphics 4600' (P:0 D:0)
[2017.11.07-20.12.39:099][  0]LogWindows:    7. 'RDPDD Chained DD' (P:0 D:0)
[2017.11.07-20.12.39:100][  0]LogWindows:    8. 'RDP Encoder Mirror Driver' (P:0 D:0)
[2017.11.07-20.12.39:100][  0]LogWindows:    9. 'RDP Reflector Display Driver' (P:0 D:0)
[2017.11.07-20.12.39:100][  0]LogWindows:    10. 'Mirage Driver' (P:0 D:0)
[2017.11.07-20.12.39:100][  0]LogWindows: DebugString: PrimaryIsNotTheChoosenAdapter PrimaryIsNotTheChoosenAdapter PrimaryIsNotTheChoosenAdapter GetVideoDriverDetailsInvalid PrimaryIsNotTheChoosenAdapter GetVideoDriverDetailsInvalid PrimaryIsNotTheChoosenAdapter GetVideoDriverDetailsInvalid PrimaryIsNotTheChoosenAdapter GetVideoDriverDetailsInvalid PrimaryIsNotTheChoosenAdapter FoundDriverCount:4 
[2017.11.07-20.12.39:100][  0]LogD3D11RHI:     Adapter Name: NVIDIA GeForce GTX 760
[2017.11.07-20.12.39:100][  0]LogD3D11RHI:   Driver Version: 364.72 (internal:10.18.13.6472, unified:364.72)
[2017.11.07-20.12.39:100][  0]LogD3D11RHI:      Driver Date: 3-21-2016
[2017.11.07-20.12.39:100][  0]LogRHI: Texture pool is 1361 MB (70% of 1945 MB)
[2017.11.07-20.12.39:106][  0]LogD3D11RHI:Warning: Timestamp queries are currently disabled on this hardware due to instability. Realtime GPU stats will not be available. You can override this behaviour by setting r.NVIDIATimestampWorkaround to 0
[2017.11.07-20.12.39:106][  0]LogD3D11RHI: Async texture creation enabled
[2017.11.07-20.12.39:120][  0]LogD3D11RHI: GPU Timing Frequency: 1000.000000 (Debug: 2 2)
[2017.11.07-20.12.39:120][  0]LogShaderCompilers: Guid format shader working directory is -11 characters bigger than the processId version (D:/Users/jayden.fac6880/Documents/GitHub/Toa-Mini-Working/Toa_mini/Intermediate/Shaders/WorkingDirectory/7088/).
[2017.11.07-20.12.39:120][  0]LogShaderCompilers: Cleaned the shader compiler working directory 'D:/Users/jayden.fac6880/AppData/Local/Temp/UnrealShaderWorkingDir/D96C28E541A430BFFC3FEAB28C5A7826/'.
[2017.11.07-20.12.39:120][  0]LogShaderCompilers:Display: Using Local Shader Compiler.
[2017.11.07-20.12.40:165][  0]LogTemp:Display: Loaded TP AllDesktopTargetPlatform
[2017.11.07-20.12.40:235][  0]LogTemp:Display: Loaded TP MacClientTargetPlatform
[2017.11.07-20.12.40:306][  0]LogTemp:Display: Loaded TP MacNoEditorTargetPlatform
[2017.11.07-20.12.40:379][  0]LogTemp:Display: Loaded TP MacServerTargetPlatform
[2017.11.07-20.12.40:451][  0]LogTemp:Display: Loaded TP MacTargetPlatform
[2017.11.07-20.12.40:522][  0]LogTemp:Display: Loaded TP WindowsClientTargetPlatform
[2017.11.07-20.12.40:593][  0]LogTemp:Display: Loaded TP WindowsNoEditorTargetPlatform
[2017.11.07-20.12.40:665][  0]LogTemp:Display: Loaded TP WindowsServerTargetPlatform
[2017.11.07-20.12.40:724][  0]LogTemp:Display: Loaded TP WindowsTargetPlatform
[2017.11.07-20.12.40:794][  0]LogTemp:Display: Loaded TP AndroidTargetPlatform
[2017.11.07-20.12.40:864][  0]LogTemp:Display: Loaded TP Android_ASTCTargetPlatform
[2017.11.07-20.12.40:935][  0]LogTemp:Display: Loaded TP Android_ATCTargetPlatform
[2017.11.07-20.12.41:008][  0]LogTemp:Display: Loaded TP Android_DXTTargetPlatform
[2017.11.07-20.12.41:078][  0]LogTemp:Display: Loaded TP Android_ETC1TargetPlatform
[2017.11.07-20.12.41:148][  0]LogTemp:Display: Loaded TP Android_ETC2TargetPlatform
[2017.11.07-20.12.41:289][  0]LogTemp:Display: Loaded TP Android_MultiTargetPlatform
[2017.11.07-20.12.41:289][  0]LogTemp:Display: Loaded TP Android_PVRTCTargetPlatform
[2017.11.07-20.12.41:342][  0]LogTemp:Display: Loaded TP HTML5TargetPlatform
[2017.11.07-20.12.41:449][  0]LogTemp:Display: Loaded TP IOSTargetPlatform
[2017.11.07-20.12.41:486][  0]LogTemp:Display: Loaded TP TVOSTargetPlatform
[2017.11.07-20.12.41:557][  0]LogTemp:Display: Loaded TP LinuxClientTargetPlatform
[2017.11.07-20.12.41:628][  0]LogTemp:Display: Loaded TP LinuxNoEditorTargetPlatform
[2017.11.07-20.12.41:700][  0]LogTemp:Display: Loaded TP LinuxServerTargetPlatform
[2017.11.07-20.12.41:772][  0]LogTemp:Display: Loaded TP LinuxTargetPlatform
[2017.11.07-20.12.41:772][  0]LogTargetPlatformManager:Display: Building Assets For Windows
[2017.11.07-20.12.42:237][  0]LogDerivedDataCache:Display: Max Cache Size: 512 MB
[2017.11.07-20.12.42:281][  0]LogDerivedDataCache: Loaded boot cache 0.04s 50MB D:/Users/jayden.fac6880/AppData/Local/UnrealEngine/4.14/DerivedDataCache/Boot.ddc.
[2017.11.07-20.12.42:281][  0]LogDerivedDataCache:Display: Loaded Boot cache: D:/Users/jayden.fac6880/AppData/Local/UnrealEngine/4.14/DerivedDataCache/Boot.ddc
[2017.11.07-20.12.42:281][  0]LogDerivedDataCache: FDerivedDataBackendGraph:  Pak pak cache file D:/Users/jayden.fac6880/Documents/GitHub/Toa-Mini-Working/Toa_mini/DerivedDataCache/DDC.ddp not found, will not use a pak cache.
[2017.11.07-20.12.42:281][  0]LogDerivedDataCache: Unable to find inner node Pak for hierarchical cache Hierarchy.
[2017.11.07-20.12.42:281][  0]LogDerivedDataCache: FDerivedDataBackendGraph:  CompressedPak pak cache file D:/Users/jayden.fac6880/Documents/GitHub/Toa-Mini-Working/Toa_mini/DerivedDataCache/Compressed.ddp not found, will not use a pak cache.
[2017.11.07-20.12.42:281][  0]LogDerivedDataCache: Unable to find inner node CompressedPak for hierarchical cache Hierarchy.
[2017.11.07-20.12.42:297][  0]LogDerivedDataCache:Display: Pak cache opened for reading ../../../Engine/DerivedDataCache/Compressed.ddp.
[2017.11.07-20.12.42:308][  0]LogDerivedDataCache: Using Local data cache path D:/Users/jayden.fac6880/AppData/Local/UnrealEngine/Common/DerivedDataCache: Writable
[2017.11.07-20.12.42:517][  0]LogInit: Selected Device Profile: [Windows]
[2017.11.07-20.12.42:519][  0]LogContentStreaming: Texture pool size is 0.00 MB
[2017.11.07-20.12.42:748][  0]LogMeshUtilities: Using QuadricMeshReduction for automatic static mesh reduction
[2017.11.07-20.12.42:804][  0]LogSimplygon: Simplygon DLL not present - disabling.
[2017.11.07-20.12.42:861][  0]LogMeshUtilities: Using SimplygonSwarm for distributed automatic mesh merging
[2017.11.07-20.12.42:861][  0]LogMeshUtilities: No automatic skeletal mesh reduction module available
[2017.11.07-20.12.42:861][  0]LogMeshUtilities: No automatic mesh merging module available
[2017.11.07-20.12.43:370][  0]LogNetVersion: GetLocalNetworkVersion: CL: 3195953, ProjectName: toa_mini, ProjectVersion: , EngineNetworkVersion: 2, GameNetworkVersion: 0, NetworkChecksum: 2209667450
[2017.11.07-20.12.43:432][  0]LogAssetRegistry: FAssetRegistry took 0.0202 seconds to start up
[2017.11.07-20.12.43:476][  0]LogPackageLocalizationCache: Processed 3 localized package path(s) for 2 prioritized culture(s) in 0.018347 seconds
[2017.11.07-20.12.43:481][  0]LogUObjectArray: 31946 objects as part of root set at end of initial load.
[2017.11.07-20.12.43:481][  0]LogUObjectAllocator: 6935848 out of 0 bytes used by permanent object pool.
[2017.11.07-20.12.43:481][  0]LogUObjectArray: CloseDisregardForGC: 0/0 objects in disregard for GC pool
[2017.11.07-20.12.43:555][  0]LogInit: WinSock: version 1.1 (2.2), MaxSocks=32767, MaxUdp=65467
[2017.11.07-20.12.44:502][  0]LogSlate: Using Freetype 2.6.0
[2017.11.07-20.12.44:504][  0]LogSlate: SlateFontCache - WITH_FREETYPE: 1, WITH_HARFBUZZ: 1
[2017.11.07-20.12.44:504][  0]LogSlate: SlateFontCache - WITH_FREETYPE: 1, WITH_HARFBUZZ: 1
[2017.11.07-20.12.45:914][  0]LogTcpMessaging: Initializing TcpMessaging bridge
[2017.11.07-20.12.45:954][  0]LogUdpMessaging: Initializing bridge on interface 0.0.0.0:0 to multicast group 230.0.0.1:6666.
[2017.11.07-20.12.46:325][  0]LogMaterial: Uniform references updated for custom material expression Custom.
[2017.11.07-20.12.46:790][  0]SourceControl: Info Source control is disabled
[2017.11.07-20.12.46:820][  0]SourceControl: Info Source control is disabled
[2017.11.07-20.12.46:878][  0]SourceControl: Info Source control is disabled
[2017.11.07-20.12.46:936][  0]SourceControl: Info Source control is disabled
[2017.11.07-20.12.48:531][  0]LogEngine: Initializing Engine...
[2017.11.07-20.12.48:531][  0]LogHMD: Failed to initialize OpenVR with code 110
[2017.11.07-20.12.48:807][  0]LogAIModule: Creating AISystem for world Untitled
[2017.11.07-20.12.48:816][  0]LogInit: No audio devices found!
[2017.11.07-20.12.48:841][  0]LogDerivedDataCache: Saved boot cache 0.02s 50MB D:/Users/jayden.fac6880/AppData/Local/UnrealEngine/4.14/DerivedDataCache/Boot.ddc.
[2017.11.07-20.12.48:847][  0]LogInit: Texture streaming: Enabled
[2017.11.07-20.12.49:069][  0]LogInit: Transaction tracking system initialized
[2017.11.07-20.12.49:525][  0]BlueprintLog: New page: Editor Load
[2017.11.07-20.12.50:652][  0]LocalizationService: Info Localization service is disabled
[2017.11.07-20.12.51:481][  0]LogConsoleResponse:Display: 
[2017.11.07-20.12.51:619][  0]LogCook:Display: Max memory allowance for cook 16384mb min free memory 0mb
[2017.11.07-20.12.51:619][  0]LogCook:Display: Mobile HDR setting 1
[2017.11.07-20.12.52:736][  0]LogFileCache: Scanning file cache for directory 'D:/Users/jayden.fac6880/Documents/GitHub/Toa-Mini-Working/Toa_mini/Content/' took 0.01s
[2017.11.07-20.12.52:793][  0]SourceControl: Info Source control is disabled
[2017.11.07-20.12.52:793][  0]Cmd: MAP LOAD FILE="D:/Users/jayden.fac6880/Documents/GitHub/Toa-Mini-Working/Toa_mini/Content/ThirdPersonBP/Maps/ThirdPersonExampleMap.umap" TEMPLATE=0 SHOWPROGRESS=1 FEATURELEVEL=3
[2017.11.07-20.12.52:793][  0]LightingResults: New page: Lighting Build
[2017.11.07-20.12.52:846][  0]MapCheck: New page: Map Check
[2017.11.07-20.12.52:846][  0]LightingResults: New page: Lighting Build
[2017.11.07-20.12.53:224][  0]LogAIModule: Creating AISystem for world ThirdPersonExampleMap
[2017.11.07-20.12.53:232][  0]LogEditorServer: Finished looking for orphan Actors (0.000 secs)
[2017.11.07-20.12.53:233][  0]Cmd: MAP CHECKDEP NOCLEARLOG
[2017.11.07-20.12.53:346][  0]MapCheck: Info Map check complete: 0 Error(s), 0 Warning(s), took 112.627ms to complete.
[2017.11.07-20.12.53:346][  0]LogFileHelpers: Loading map 'ThirdPersonExampleMap' took 0.553
[2017.11.07-20.12.53:470][  0]LogCollectionManager: Loaded 0 collections in 0.001116 seconds
[2017.11.07-20.12.53:565][  0]LogFileCache: Scanning file cache for directory 'D:/Users/jayden.fac6880/Documents/GitHub/Toa-Mini-Working/Toa_mini/Saved/Collections/' took 0.01s
[2017.11.07-20.12.53:565][  0]LogFileCache: Scanning file cache for directory 'D:/Users/jayden.fac6880/Documents/GitHub/Toa-Mini-Working/Toa_mini/Content/Developers/jaydenfac6880/Collections/' took 0.01s
[2017.11.07-20.12.53:565][  0]LogFileCache: Scanning file cache for directory 'D:/Users/jayden.fac6880/Documents/GitHub/Toa-Mini-Working/Toa_mini/Content/Collections/' took 0.01s
[2017.11.07-20.12.53:565][  0]LogCollectionManager: Rebuilt the GUID cache for 0 collections in 0.000002 seconds
[2017.11.07-20.12.53:573][  0]LogContentBrowser: Native class hierarchy populated in 0.0081 seconds. Added 2190 classes and 428 folders.
[2017.11.07-20.12.53:630][  0]LogStats: UGameplayTagsManager::ConstructGameplayTagTree: Construct from data asset -  0.000 s
[2017.11.07-20.12.53:630][  0]LogStats: UGameplayTagsManager::ConstructGameplayTagTree: GameplayTagTreeChangedEvent.Broadcast -  0.000 s
[2017.11.07-20.12.53:631][  0]LogContentBrowser: Native class hierarchy updated for 'GameplayTags' in 0.0006 seconds. Added 13 classes and 0 folders.
[2017.11.07-20.12.53:710][  0]LogContentBrowser: Native class hierarchy updated for 'WidgetCarousel' in 0.0004 seconds. Added 0 classes and 0 folders.
[2017.11.07-20.12.53:754][  0]LogContentBrowser: Native class hierarchy updated for 'AddContentDialog' in 0.0004 seconds. Added 0 classes and 0 folders.
[2017.11.07-20.12.53:809][  0]LogContentBrowser: Native class hierarchy updated for 'SceneOutliner' in 0.0004 seconds. Added 1 classes and 2 folders.
[2017.11.07-20.12.53:849][  0]LogCrashTracker: Crashtracker disabled due to settings.
[2017.11.07-20.12.53:852][  0]LogUObjectGlobals:Warning: Failed to find object 'Class None.'
[2017.11.07-20.12.53:929][  0]LogContentBrowser: Native class hierarchy updated for 'HierarchicalLODOutliner' in 0.0004 seconds. Added 1 classes and 2 folders.
[2017.11.07-20.12.53:930][  0]LogLoad: (Engine Initialization) Total time: 18.43 seconds
[2017.11.07-20.12.53:930][  0]LogLoad: (Engine Initialization) Total Blueprint compile time: 0.16 seconds
[2017.11.07-20.12.53:930][  0]LogExternalProfiler: Found external profiler: VSPerf
[2017.11.07-20.12.53:930][  0]LogExternalProfiler: Using external profiler: VSPerf
[2017.11.07-20.12.53:939][  0]LogOcInput: OculusInput pre-init called
[2017.11.07-20.12.53:954][  0]LogAssetRegistry: Asset discovery search completed in 10.5428 seconds
[2017.11.07-20.12.53:954][  0]LogCollectionManager: Rebuilt the object cache for 0 collections in 0.000001 seconds (found 0 objects)
[2017.11.07-20.12.53:954][  0]LogCollectionManager: Fixed up redirectors for 0 collections in 0.000011 seconds (updated 0 objects)
[2017.11.07-20.12.53:957][  0]LogContentStreaming: Texture pool size now 1000 MB
[2017.11.07-20.12.54:095][  2]LogRenderer: Reallocating scene render targets to support 616x368 NumSamples 1 (Frame:2).
[2017.11.07-20.13.36:446][997]LogRenderer: Reallocating scene render targets to support 616x564 NumSamples 1 (Frame:5000).
[2017.11.07-20.13.45:152][982]LogTemp: Repeting last play command: Selected Viewport
[2017.11.07-20.13.45:159][982]LogBlueprintUserMessages: Early PlayInEditor Detection: Level '/Game/ThirdPersonBP/Maps/ThirdPersonExampleMap.ThirdPersonExampleMap:PersistentLevel' has LevelScriptBlueprint '/Game/ThirdPersonBP/Maps/ThirdPersonExampleMap.ThirdPersonExampleMap:PersistentLevel.ThirdPersonExampleMap' with GeneratedClass '/Game/ThirdPersonBP/Maps/ThirdPersonExampleMap.ThirdPersonExampleMap_C' with ClassGeneratedBy '/Game/ThirdPersonBP/Maps/ThirdPersonExampleMap.ThirdPersonExampleMap:PersistentLevel.ThirdPersonExampleMap'
[2017.11.07-20.13.45:159][982]LogPlayLevel: PlayLevel: No blueprints needed recompiling
[2017.11.07-20.13.45:159][982]PIE: New page: PIE session: ThirdPersonExampleMap (8/11/2017 10:13:45 pm)
[2017.11.07-20.13.45:159][982]LogPlayLevel: Creating play world package: /Game/ThirdPersonBP/Maps/UEDPIE_0_ThirdPersonExampleMap
[2017.11.07-20.13.45:201][982]LogPlayLevel: PIE: StaticDuplicateObject took: (0.042005s)
[2017.11.07-20.13.45:204][982]LogAIModule: Creating AISystem for world ThirdPersonExampleMap
[2017.11.07-20.13.45:204][982]LogPlayLevel: PIE: World Init took: (0.002715s)
[2017.11.07-20.13.45:205][982]LogPlayLevel: PIE: Created PIE world by copying editor world from /Game/ThirdPersonBP/Maps/ThirdPersonExampleMap.ThirdPersonExampleMap to /Game/ThirdPersonBP/Maps/UEDPIE_0_ThirdPersonExampleMap.ThirdPersonExampleMap (0.045246s)
[2017.11.07-20.13.45:264][982]LogLoad: Game class is 'ThirdPersonGameMode_C'
[2017.11.07-20.13.45:267][982]LogWorld: Bringing World /Game/ThirdPersonBP/Maps/UEDPIE_0_ThirdPersonExampleMap.ThirdPersonExampleMap up for play (max tick rate 0) at 2017.11.08-09.13.45
[2017.11.07-20.13.45:267][982]LogWorld: Bringing up level for play took: 0.001666
[2017.11.07-20.13.45:454][982]LogContentBrowser: Native class hierarchy updated for 'MovieSceneCapture' in 0.0004 seconds. Added 11 classes and 0 folders.
[2017.11.07-20.13.45:455][982]PIE: Info Play in editor start time for /Game/ThirdPersonBP/Maps/UEDPIE_0_ThirdPersonExampleMap 0.238
[2017.11.07-20.13.45:455][982]LogBlueprintUserMessages: Late PlayInEditor Detection: Level '/Game/ThirdPersonBP/Maps/ThirdPersonExampleMap.ThirdPersonExampleMap:PersistentLevel' has LevelScriptBlueprint '/Game/ThirdPersonBP/Maps/ThirdPersonExampleMap.ThirdPersonExampleMap:PersistentLevel.ThirdPersonExampleMap' with GeneratedClass '/Game/ThirdPersonBP/Maps/ThirdPersonExampleMap.ThirdPersonExampleMap_C' with ClassGeneratedBy '/Game/ThirdPersonBP/Maps/ThirdPersonExampleMap.ThirdPersonExampleMap:PersistentLevel.ThirdPersonExampleMap'
[2017.11.07-20.13.47:495][223]LogBlueprintUserMessages: Early EndPlayMap Detection: Level '/Game/ThirdPersonBP/Maps/ThirdPersonExampleMap.ThirdPersonExampleMap:PersistentLevel' has LevelScriptBlueprint '/Game/ThirdPersonBP/Maps/ThirdPersonExampleMap.ThirdPersonExampleMap:PersistentLevel.ThirdPersonExampleMap' with GeneratedClass '/Game/ThirdPersonBP/Maps/ThirdPersonExampleMap.ThirdPersonExampleMap_C' with ClassGeneratedBy '/Game/ThirdPersonBP/Maps/ThirdPersonExampleMap.ThirdPersonExampleMap:PersistentLevel.ThirdPersonExampleMap'
[2017.11.07-20.13.47:527][223]LogBlueprintUserMessages: Late EndPlayMap Detection: Level '/Game/ThirdPersonBP/Maps/ThirdPersonExampleMap.ThirdPersonExampleMap:PersistentLevel' has LevelScriptBlueprint '/Game/ThirdPersonBP/Maps/ThirdPersonExampleMap.ThirdPersonExampleMap:PersistentLevel.ThirdPersonExampleMap' with GeneratedClass '/Game/ThirdPersonBP/Maps/ThirdPersonExampleMap.ThirdPersonExampleMap_C' with ClassGeneratedBy '/Game/ThirdPersonBP/Maps/ThirdPersonExampleMap.ThirdPersonExampleMap:PersistentLevel.ThirdPersonExampleMap'
[2017.11.07-20.14.23:820][485]LogSlate: Only BGRA pngs, bmps or icos are supported in by External Image Picker
[2017.11.07-20.14.24:207][504]LogTemp:Display: Executing iPhonePackager certificates Engine -bundlename com.YourCompany.Toamini

[2017.11.07-20.14.24:207][504]LogTemp:Display: CWD: C:\apps\Epic Games\4.14\Engine\Binaries\DotNet\IOS

[2017.11.07-20.14.24:207][504]LogTemp:Display: Initial Dir: C:\apps\Epic Games\4.14

[2017.11.07-20.14.24:207][504]LogTemp:Display: Env CWD: C:\apps\Epic Games\4.14\Engine\Binaries\DotNet\IOS

[2017.11.07-20.14.24:215][505]LogTemp:Display: BranchPath = 1806C023/C/apps/Epic Games/4.14/Engine/Binaries --- GameBranchPath = 1806C023/C/apps/Epic Games/4.14/Engine/Binaries

[2017.11.07-20.14.24:449][533]LogTemp:Display: IPP ERROR: Application exception: System.IO.DirectoryNotFoundException: Could not find a part of the path 'D:\Users\jayden.fac6880\AppData\Local\Apple Computer\MobileDevice\Provisioning Profiles'.

[2017.11.07-20.14.24:449][533]LogTemp:Display:    at System.IO.__Error.WinIOError(Int32 errorCode, String maybeFullPath)

[2017.11.07-20.14.24:449][533]LogTemp:Display:    at System.IO.FileSystemEnumerableIterator`1.CommonInit()

[2017.11.07-20.14.24:449][533]LogTemp:Display:    at System.IO.FileSystemEnumerableIterator`1..ctor(String path, String originalUserPath, String searchPattern, SearchOption searchOption, SearchResultHandler`1 resultHandler, Boolean checkHost)

[2017.11.07-20.14.24:449][533]LogTemp:Display:    at System.IO.Directory.EnumerateFiles(String path, String searchPattern)

[2017.11.07-20.14.24:449][533]LogTemp:Display:    at iPhonePackager.CodeSignatureBuilder.FindProvisions(String CFBundleIdentifier)

[2017.11.07-20.14.24:449][533]LogTemp:Display:    at iPhonePackager.Program.Main(String[] args)

[2017.11.07-20.14.50:899][508]LogAIModule: Creating AISystem for world gameLevel
[2017.11.07-20.14.50:918][508]Cmd: MAP LOAD FILE="D:/Users/jayden.fac6880/Documents/GitHub/Toa-Mini-Working/Toa_mini/Content/ThirdPersonBP/Maps/gameLevel.umap" TEMPLATE=0 SHOWPROGRESS=1 FEATURELEVEL=3
[2017.11.07-20.14.50:918][508]LightingResults: New page: Lighting Build
[2017.11.07-20.14.50:918][508]LoadErrors: New page: Loading map: gameLevel.umap
[2017.11.07-20.14.50:919][508]MapCheck: New page: Map Check
[2017.11.07-20.14.50:919][508]LightingResults: New page: Lighting Build
[2017.11.07-20.14.50:936][508]LogEditorServer: Finished looking for orphan Actors (0.000 secs)
[2017.11.07-20.14.50:989][508]Cmd: MAP CHECKDEP NOCLEARLOG
[2017.11.07-20.14.51:090][508]MapCheck: Info Map check complete: 0 Error(s), 0 Warning(s), took 101ms to complete.
[2017.11.07-20.14.51:090][508]LogFileHelpers: Loading map 'gameLevel' took 0.173
[2017.11.07-20.14.55:949][ 72]LogAIModule: Creating AISystem for world ThirdPersonExampleMap
[2017.11.07-20.18.27:470][549]LogTemp: Repeting last play command: Selected Viewport
[2017.11.07-20.18.27:478][549]LogBlueprintUserMessages: Early PlayInEditor Detection: Level '/Game/ThirdPersonBP/Maps/gameLevel.gameLevel:PersistentLevel' has LevelScriptBlueprint '/Game/ThirdPersonBP/Maps/gameLevel.gameLevel:PersistentLevel.gameLevel' with GeneratedClass '/Game/ThirdPersonBP/Maps/gameLevel.gameLevel_C' with ClassGeneratedBy '/Game/ThirdPersonBP/Maps/gameLevel.gameLevel:PersistentLevel.gameLevel'
[2017.11.07-20.18.27:478][549]LogPlayLevel: PlayLevel: No blueprints needed recompiling
[2017.11.07-20.18.27:478][549]PIE: New page: PIE session: gameLevel (8/11/2017 10:18:27 pm)
[2017.11.07-20.18.27:478][549]LogPlayLevel: Creating play world package: /Game/ThirdPersonBP/Maps/UEDPIE_0_gameLevel
[2017.11.07-20.18.27:482][549]LogPlayLevel: PIE: StaticDuplicateObject took: (0.003641s)
[2017.11.07-20.18.27:483][549]LogAIModule: Creating AISystem for world gameLevel
[2017.11.07-20.18.27:483][549]LogPlayLevel: PIE: World Init took: (0.000635s)
[2017.11.07-20.18.27:483][549]LogPlayLevel: PIE: Created PIE world by copying editor world from /Game/ThirdPersonBP/Maps/gameLevel.gameLevel to /Game/ThirdPersonBP/Maps/UEDPIE_0_gameLevel.gameLevel (0.004467s)
[2017.11.07-20.18.27:516][549]LogLoad: Game class is 'ThirdPersonGameMode_C'
[2017.11.07-20.18.27:520][549]LogWorld: Bringing World /Game/ThirdPersonBP/Maps/UEDPIE_0_gameLevel.gameLevel up for play (max tick rate 0) at 2017.11.08-09.18.27
[2017.11.07-20.18.27:521][549]LogWorld: Bringing up level for play took: 0.004040
[2017.11.07-20.18.27:524][549]PIE: Info Play in editor start time for /Game/ThirdPersonBP/Maps/UEDPIE_0_gameLevel 0.321
[2017.11.07-20.18.27:524][549]LogBlueprintUserMessages: Late PlayInEditor Detection: Level '/Game/ThirdPersonBP/Maps/gameLevel.gameLevel:PersistentLevel' has LevelScriptBlueprint '/Game/ThirdPersonBP/Maps/gameLevel.gameLevel:PersistentLevel.gameLevel' with GeneratedClass '/Game/ThirdPersonBP/Maps/gameLevel.gameLevel_C' with ClassGeneratedBy '/Game/ThirdPersonBP/Maps/gameLevel.gameLevel:PersistentLevel.gameLevel'
[2017.11.07-20.18.42:159][290]LogBlueprintUserMessages: Early EndPlayMap Detection: Level '/Game/ThirdPersonBP/Maps/gameLevel.gameLevel:PersistentLevel' has LevelScriptBlueprint '/Game/ThirdPersonBP/Maps/gameLevel.gameLevel:PersistentLevel.gameLevel' with GeneratedClass '/Game/ThirdPersonBP/Maps/gameLevel.gameLevel_C' with ClassGeneratedBy '/Game/ThirdPersonBP/Maps/gameLevel.gameLevel:PersistentLevel.gameLevel'
